<?xml version="1.0" encoding="UTF-8"?>
<!-- Generated by org.testng.reporters.JUnitXMLReporter -->
<testsuite hostname="LAPTOP-PP59720V" name="Default test" tests="4" failures="0" timestamp="22 Jan 2023 02:16:38 GMT" time="39.354" errors="0">
  <testcase name="excelread" time="2.976" classname="com.tcs.ExcelReadDP"/>
  <testcase name="excelread" time="2.885" classname="com.tcs.ExcelReadDP"/>
  <testcase name="excelread" time="2.882" classname="com.tcs.ExcelReadDP"/>
  <testcase name="excelread" time="3.901" classname="com.tcs.ExcelReadDP"/>
</testsuite> <!-- Default test -->
